<?xml version="1.0" encoding="UTF-8"?>
<testsuite xmlns:xsi="http://www.w3.org/2001/XMLSchema-instance" xsi:schemaLocation="https://maven.apache.org/surefire/maven-surefire-plugin/xsd/surefire-test-report.xsd" name="com.absolute.customercenter.login.LoginTest" time="219.145" tests="5" errors="0" skipped="0" failures="2">
  <properties>
    <property name="java.runtime.name" value="Java(TM) SE Runtime Environment"/>
    <property name="sun.boot.library.path" value="C:\Program Files\Java\jdk1.8.0_60\jre\bin"/>
    <property name="java.vm.version" value="25.60-b23"/>
    <property name="java.vm.vendor" value="Oracle Corporation"/>
    <property name="maven.multiModuleProjectDirectory" value="E:\automation\eclipse-jee-mars-R-win32\eclipse\${workspace_loc:\consumerProject}"/>
    <property name="java.vendor.url" value="http://java.oracle.com/"/>
    <property name="path.separator" value=";"/>
    <property name="guice.disable.misplaced.annotation.check" value="true"/>
    <property name="java.vm.name" value="Java HotSpot(TM) Client VM"/>
    <property name="file.encoding.pkg" value="sun.io"/>
    <property name="user.script" value=""/>
    <property name="user.country" value="US"/>
    <property name="sun.java.launcher" value="SUN_STANDARD"/>
    <property name="sun.os.patch.level" value="Service Pack 1"/>
    <property name="java.vm.specification.name" value="Java Virtual Machine Specification"/>
    <property name="user.dir" value="E:\automation\absolute.com\consumerProject"/>
    <property name="java.runtime.version" value="1.8.0_60-b27"/>
    <property name="java.awt.graphicsenv" value="sun.awt.Win32GraphicsEnvironment"/>
    <property name="java.endorsed.dirs" value="C:\Program Files\Java\jdk1.8.0_60\jre\lib\endorsed"/>
    <property name="os.arch" value="x86"/>
    <property name="java.io.tmpdir" value="C:\Users\admin\AppData\Local\Temp\"/>
    <property name="line.separator" value="&#10;"/>
    <property name="java.vm.specification.vendor" value="Oracle Corporation"/>
    <property name="user.variant" value=""/>
    <property name="os.name" value="Windows 7"/>
    <property name="classworlds.conf" value="C:\Users\admin\workspace\eclipse\.metadata\.plugins\org.eclipse.m2e.launching\launches\m2conf1527751528441467217.tmp"/>
    <property name="sun.jnu.encoding" value="Cp1252"/>
    <property name="java.library.path" value="C:\Program Files\Java\jdk1.8.0_60\bin;C:\Windows\Sun\Java\bin;C:\Windows\system32;C:\Windows;C:/Program Files/Java/jre1.8.0_111/bin/client;C:/Program Files/Java/jre1.8.0_111/bin;C:/Program Files/Java/jre1.8.0_111/lib/i386;C:\ProgramData\Oracle\Java\javapath;C:\Program Files\Java\jdk1.8.0_60\bin;E:\automation\apache-maven-3.3.9-bin\apache-maven-3.3.9\bin;E:\automation\SeleniumWebDriver\Lib\libs;E:\automation\eclipse-jee-mars-R-win32\eclipse;;."/>
    <property name="java.specification.name" value="Java Platform API Specification"/>
    <property name="java.class.version" value="52.0"/>
    <property name="sun.management.compiler" value="HotSpot Client Compiler"/>
    <property name="os.version" value="6.1"/>
    <property name="user.home" value="C:\Users\admin"/>
    <property name="user.timezone" value="Asia/Bangkok"/>
    <property name="java.awt.printerjob" value="sun.awt.windows.WPrinterJob"/>
    <property name="java.specification.version" value="1.8"/>
    <property name="file.encoding" value="Cp1252"/>
    <property name="user.name" value="admin"/>
    <property name="java.class.path" value="/E:/automation/eclipse-jee-mars-R-win32/eclipse/plugins/org.eclipse.m2e.maven.runtime_1.6.0.20150526-2031/jars/plexus-classworlds-2.5.2.jar"/>
    <property name="it.test" value="*"/>
    <property name="java.vm.specification.version" value="1.8"/>
    <property name="sun.arch.data.model" value="32"/>
    <property name="java.home" value="C:\Program Files\Java\jdk1.8.0_60\jre"/>
    <property name="sun.java.command" value="org.codehaus.plexus.classworlds.launcher.Launcher -B clean verify -Dit.test=*"/>
    <property name="java.specification.vendor" value="Oracle Corporation"/>
    <property name="user.language" value="en"/>
    <property name="awt.toolkit" value="sun.awt.windows.WToolkit"/>
    <property name="java.vm.info" value="mixed mode, sharing"/>
    <property name="java.version" value="1.8.0_60"/>
    <property name="java.ext.dirs" value="C:\Program Files\Java\jdk1.8.0_60\jre\lib\ext;C:\Windows\Sun\Java\lib\ext"/>
    <property name="sun.boot.class.path" value="C:\Program Files\Java\jdk1.8.0_60\jre\lib\resources.jar;C:\Program Files\Java\jdk1.8.0_60\jre\lib\rt.jar;C:\Program Files\Java\jdk1.8.0_60\jre\lib\sunrsasign.jar;C:\Program Files\Java\jdk1.8.0_60\jre\lib\jsse.jar;C:\Program Files\Java\jdk1.8.0_60\jre\lib\jce.jar;C:\Program Files\Java\jdk1.8.0_60\jre\lib\charsets.jar;C:\Program Files\Java\jdk1.8.0_60\jre\lib\jfr.jar;C:\Program Files\Java\jdk1.8.0_60\jre\classes"/>
    <property name="java.vendor" value="Oracle Corporation"/>
    <property name="maven.home" value="E:\automation\absolute.com\consumerProject\EMBEDDED"/>
    <property name="file.separator" value="\"/>
    <property name="java.vendor.url.bug" value="http://bugreport.sun.com/bugreport/"/>
    <property name="sun.cpu.endian" value="little"/>
    <property name="sun.io.unicode.encoding" value="UnicodeLittle"/>
    <property name="sun.desktop" value="windows"/>
    <property name="sun.cpu.isalist" value="pentium_pro+mmx pentium_pro pentium+mmx pentium i486 i386 i86"/>
  </properties>
  <testcase name="verifyLoginWorkFlow[0]" classname="com.absolute.customercenter.login.LoginTest" time="45.084">
    <failure type="java.lang.AssertionError">java.lang.AssertionError
	at com.absolute.customercenter.login.LoginTest.verifyLoginWorkFlow(LoginTest.java:97)
</failure>
    <system-out><![CDATA[Running for Desktop....
]]></system-out>
    <system-err><![CDATA[[main] INFO net.thucydides.core.util.PropertiesFileLocalPreferences - datasheet.CHANGEPASSWORD=ChangePassword
[main] INFO net.thucydides.core.util.PropertiesFileLocalPreferences - data.LANGUAGE=en-US
[main] INFO net.thucydides.core.util.PropertiesFileLocalPreferences - datasheet.PHONENUMBER=PhoneNumber
[main] INFO net.thucydides.core.util.PropertiesFileLocalPreferences - webdriver.base.url=https://my.absolute.com
[main] INFO net.thucydides.core.util.PropertiesFileLocalPreferences - data.FILEEXTENSION=.csv
[main] INFO net.thucydides.core.util.PropertiesFileLocalPreferences - datasheet.RESETPIN=ResetPIN
[main] INFO net.thucydides.core.util.PropertiesFileLocalPreferences - max.retries=1
[main] INFO net.thucydides.core.util.PropertiesFileLocalPreferences - datasheet.UNINSTALL=UnInstall
[main] INFO net.thucydides.core.util.PropertiesFileLocalPreferences - data.FILENAME_API=API_test_data.xlsx
[main] INFO net.thucydides.core.util.PropertiesFileLocalPreferences - datasheet.DEVICENAME=DeviceName
[main] INFO net.thucydides.core.util.PropertiesFileLocalPreferences - testParams.ENVIRONMENT=production
[main] INFO net.thucydides.core.util.PropertiesFileLocalPreferences - datasheet.CHANGEPIN=ChangePIN
[main] INFO net.thucydides.core.util.PropertiesFileLocalPreferences - datasheet.DEVICELOCK=DeviceLock
[main] INFO net.thucydides.core.util.PropertiesFileLocalPreferences - webdriver.driver=firefox
[main] INFO net.thucydides.core.util.PropertiesFileLocalPreferences - datasheet.CREATEACCOUNT=CreateAccount
[main] INFO net.thucydides.core.util.PropertiesFileLocalPreferences - datasheet.VALIDATEREGCODE=Validateregcode
[main] INFO net.thucydides.core.util.PropertiesFileLocalPreferences - datasheet.ADDDEVICE=AddDevice
[main] INFO net.thucydides.core.util.PropertiesFileLocalPreferences - datasheet.EMERGENCY=EmergencyHelp
[main] INFO net.thucydides.core.util.PropertiesFileLocalPreferences - testParams.PARTNERCODE=ABST
[main] INFO net.thucydides.core.util.PropertiesFileLocalPreferences - serenity.take.screenshots=FOR_FAILURES
[main] INFO net.thucydides.core.util.PropertiesFileLocalPreferences - datasheet.SEARCH=Search
[main] INFO net.thucydides.core.util.PropertiesFileLocalPreferences - data.DATASPLITTER=,
[main] INFO net.thucydides.core.util.PropertiesFileLocalPreferences - datasheet.REINSTALL=ReInstall
[main] INFO net.thucydides.core.util.PropertiesFileLocalPreferences - datasheet.CONTACTINFO=ContactInfo
[main] INFO net.thucydides.core.util.PropertiesFileLocalPreferences - datasheet.LOGIN=Login
[main] INFO net.thucydides.core.util.PropertiesFileLocalPreferences - datasheet.CHANGERMAIL=ChangeEmail
[main] INFO net.thucydides.core.util.PropertiesFileLocalPreferences - datasheet.GEOLOCATION=GeoLocation
[main] INFO net.thucydides.core.util.PropertiesFileLocalPreferences - data.HEADER_NO=1
[main] INFO net.thucydides.core.util.PropertiesFileLocalPreferences - webdriver.firefoxDriver=E:/automation/absolute.com/consumerProject/drivers/geckodriver.exe
[main] INFO net.thucydides.core.util.PropertiesFileLocalPreferences - datasheet.FORGOTPIN=ForgotPIN
[main] INFO net.thucydides.core.util.PropertiesFileLocalPreferences - datasheet.DATADELETE=DataDelete
[main] INFO net.thucydides.core.util.PropertiesFileLocalPreferences - junit.retry.tests=false
[main] INFO net.thucydides.core.util.PropertiesFileLocalPreferences - datasheet.THEFTRECOVERY=TheftRecovery
[main] INFO net.thucydides.core.util.PropertiesFileLocalPreferences - data.FILENAME_UI=UI_test_data.xlsx
[main] INFO net.thucydides.core.util.PropertiesFileLocalPreferences - datasheet.PRINTLICENSE=PrintLicense
[main] INFO net.thucydides.core.util.PropertiesFileLocalPreferences - partnerLink.ABST=https://my.absolute.com/
[main] INFO net.thucydides.core.util.PropertiesFileLocalPreferences - partnerLink.LENO=https://lock.absolute.com/
[main] INFO net.thucydides.core.util.PropertiesFileLocalPreferences - datasheet.CHANGEPASSWORD=ChangePassword
[main] INFO net.thucydides.core.util.PropertiesFileLocalPreferences - data.LANGUAGE=en-US
[main] INFO net.thucydides.core.util.PropertiesFileLocalPreferences - datasheet.PHONENUMBER=PhoneNumber
[main] INFO net.thucydides.core.util.PropertiesFileLocalPreferences - webdriver.base.url=https://my.absolute.com
[main] INFO net.thucydides.core.util.PropertiesFileLocalPreferences - data.FILEEXTENSION=.csv
[main] INFO net.thucydides.core.util.PropertiesFileLocalPreferences - datasheet.RESETPIN=ResetPIN
[main] INFO net.thucydides.core.util.PropertiesFileLocalPreferences - max.retries=1
[main] INFO net.thucydides.core.util.PropertiesFileLocalPreferences - datasheet.UNINSTALL=UnInstall
[main] INFO net.thucydides.core.util.PropertiesFileLocalPreferences - data.FILENAME_API=API_test_data.xlsx
[main] INFO net.thucydides.core.util.PropertiesFileLocalPreferences - datasheet.DEVICENAME=DeviceName
[main] INFO net.thucydides.core.util.PropertiesFileLocalPreferences - testParams.ENVIRONMENT=production
[main] INFO net.thucydides.core.util.PropertiesFileLocalPreferences - datasheet.CHANGEPIN=ChangePIN
[main] INFO net.thucydides.core.util.PropertiesFileLocalPreferences - datasheet.DEVICELOCK=DeviceLock
[main] INFO net.thucydides.core.util.PropertiesFileLocalPreferences - webdriver.driver=firefox
[main] INFO net.thucydides.core.util.PropertiesFileLocalPreferences - datasheet.CREATEACCOUNT=CreateAccount
[main] INFO net.thucydides.core.util.PropertiesFileLocalPreferences - datasheet.VALIDATEREGCODE=Validateregcode
[main] INFO net.thucydides.core.util.PropertiesFileLocalPreferences - datasheet.ADDDEVICE=AddDevice
[main] INFO net.thucydides.core.util.PropertiesFileLocalPreferences - datasheet.EMERGENCY=EmergencyHelp
[main] INFO net.thucydides.core.util.PropertiesFileLocalPreferences - testParams.PARTNERCODE=ABST
[main] INFO net.thucydides.core.util.PropertiesFileLocalPreferences - serenity.take.screenshots=FOR_FAILURES
[main] INFO net.thucydides.core.util.PropertiesFileLocalPreferences - datasheet.SEARCH=Search
[main] INFO net.thucydides.core.util.PropertiesFileLocalPreferences - data.DATASPLITTER=,
[main] INFO net.thucydides.core.util.PropertiesFileLocalPreferences - datasheet.REINSTALL=ReInstall
[main] INFO net.thucydides.core.util.PropertiesFileLocalPreferences - datasheet.CONTACTINFO=ContactInfo
[main] INFO net.thucydides.core.util.PropertiesFileLocalPreferences - datasheet.LOGIN=Login
[main] INFO net.thucydides.core.util.PropertiesFileLocalPreferences - datasheet.CHANGERMAIL=ChangeEmail
[main] INFO net.thucydides.core.util.PropertiesFileLocalPreferences - datasheet.GEOLOCATION=GeoLocation
[main] INFO net.thucydides.core.util.PropertiesFileLocalPreferences - data.HEADER_NO=1
[main] INFO net.thucydides.core.util.PropertiesFileLocalPreferences - webdriver.firefoxDriver=E:/automation/absolute.com/consumerProject/drivers/geckodriver.exe
[main] INFO net.thucydides.core.util.PropertiesFileLocalPreferences - datasheet.FORGOTPIN=ForgotPIN
[main] INFO net.thucydides.core.util.PropertiesFileLocalPreferences - datasheet.DATADELETE=DataDelete
[main] INFO net.thucydides.core.util.PropertiesFileLocalPreferences - junit.retry.tests=false
[main] INFO net.thucydides.core.util.PropertiesFileLocalPreferences - datasheet.THEFTRECOVERY=TheftRecovery
[main] INFO net.thucydides.core.util.PropertiesFileLocalPreferences - data.FILENAME_UI=UI_test_data.xlsx
[main] INFO net.thucydides.core.util.PropertiesFileLocalPreferences - datasheet.PRINTLICENSE=PrintLicense
[main] INFO net.thucydides.core.util.PropertiesFileLocalPreferences - partnerLink.ABST=https://my.absolute.com/
[main] INFO net.thucydides.core.util.PropertiesFileLocalPreferences - partnerLink.LENO=https://lock.absolute.com/
[main] INFO net.serenitybdd.core.Serenity - 

-------------------------------------------------------------------------------------
     _______. _______ .______       _______ .__   __.  __  .___________.____    ____ 
    /       ||   ____||   _  \     |   ____||  \ |  | |  | |           |\   \  /   / 
   |   (----`|  |__   |  |_)  |    |  |__   |   \|  | |  | `---|  |----` \   \/   /  
    \   \    |   __|  |      /     |   __|  |  . `  | |  |     |  |       \_    _/   
.----)   |   |  |____ |  |\  \----.|  |____ |  |\   | |  |     |  |         |  |     
|_______/    |_______|| _| `._____||_______||__| \__| |__|     |__|         |__|    
-------------------------------------------------------------------------------------

[main] INFO net.serenitybdd.core.Serenity - Test Suite Started: Login test
[main] INFO net.serenitybdd.core.Serenity - 
 _____ _____ ____ _____   ____ _____  _    ____ _____ _____ ____  
|_   _| ____/ ___|_   _| / ___|_   _|/ \  |  _ \_   _| ____|  _ \ 
  | | |  _| \___ \ | |   \___ \ | | / _ \ | |_) || | |  _| | | | |
  | | | |___ ___) || |    ___) || |/ ___ \|  _ < | | | |___| |_| |
  |_| |_____|____/ |_|   |____/ |_/_/   \_\_| \_\|_| |_____|____/ 
                                                                  

TEST STARTED: verifyLoginWorkFlow[0]
-------------------------------------------------------------------
[main] INFO net.serenitybdd.core.Serenity - TEST NUMBER: 1
1486373251651	geckodriver	INFO	Listening on 127.0.0.1:31061
Feb 06, 2017 4:27:32 PM org.openqa.selenium.remote.ProtocolHandshake createSession
INFO: Attempting bi-dialect session, assuming Postel's Law holds true on the remote end
log4j:WARN No appenders could be found for logger (org.apache.http.client.protocol.RequestAddCookies).
log4j:WARN Please initialize the log4j system properly.
1486373252474	mozprofile::profile	INFO	Using profile path C:\Users\admin\AppData\Local\Temp\rust_mozprofile.owUVRKePPutl
1486373252514	geckodriver::marionette	INFO	Starting browser C:\Program Files\Mozilla Firefox\firefox.exe
1486373252555	geckodriver::marionette	INFO	Connecting to Marionette on localhost:51826
1486373253468	addons.manager	DEBUG	Application has been upgraded
1486373253713	addons.manager	DEBUG	Loaded provider scope for resource://gre/modules/addons/XPIProvider.jsm: ["XPIProvider"]
1486373253726	addons.manager	DEBUG	Loaded provider scope for resource://gre/modules/LightweightThemeManager.jsm: ["LightweightThemeManager"]
1486373253762	addons.manager	DEBUG	Loaded provider scope for resource://gre/modules/addons/GMPProvider.jsm
1486373253773	addons.manager	DEBUG	Loaded provider scope for resource://gre/modules/addons/PluginProvider.jsm
1486373253779	addons.manager	DEBUG	Starting provider: XPIProvider
1486373253784	addons.xpi	DEBUG	startup
1486373253788	addons.xpi	INFO	SystemAddonInstallLocation directory is missing
1486373253793	addons.xpi	INFO	Mapping e10srollout@mozilla.org to C:\Program Files\Mozilla Firefox\browser\features\e10srollout@mozilla.org.xpi
1486373253803	addons.xpi	INFO	Mapping firefox@getpocket.com to C:\Program Files\Mozilla Firefox\browser\features\firefox@getpocket.com.xpi
1486373253829	addons.xpi	INFO	Mapping loop@mozilla.org to C:\Program Files\Mozilla Firefox\browser\features\loop@mozilla.org.xpi
1486373253832	addons.xpi	INFO	Mapping {972ce4c6-7e08-4474-a285-3208198ce6fd} to C:\Program Files\Mozilla Firefox\browser\extensions\{972ce4c6-7e08-4474-a285-3208198ce6fd}.xpi
1486373253834	addons.xpi	DEBUG	checkForChanges
1486373253836	addons.xpi	DEBUG	Loaded add-on state from prefs: {}
1486373253839	addons.xpi	DEBUG	New add-on e10srollout@mozilla.org in app-system-defaults
1486373253840	addons.xpi	DEBUG	getModTime: Recursive scan of e10srollout@mozilla.org
1486373253842	addons.xpi	DEBUG	New add-on firefox@getpocket.com in app-system-defaults
1486373253843	addons.xpi	DEBUG	getModTime: Recursive scan of firefox@getpocket.com
1486373253844	addons.xpi	DEBUG	New add-on loop@mozilla.org in app-system-defaults
1486373253845	addons.xpi	DEBUG	getModTime: Recursive scan of loop@mozilla.org
1486373253847	addons.xpi	DEBUG	New add-on {972ce4c6-7e08-4474-a285-3208198ce6fd} in app-global
1486373253847	addons.xpi	DEBUG	getModTime: Recursive scan of {972ce4c6-7e08-4474-a285-3208198ce6fd}
1486373253849	addons.xpi	DEBUG	getInstallState changed: true, state: {"app-system-defaults":{"e10srollout@mozilla.org":{"d":"C:\\Program Files\\Mozilla Firefox\\browser\\features\\e10srollout@mozilla.org.xpi","st":1461279552000},"firefox@getpocket.com":{"d":"C:\\Program Files\\Mozilla Firefox\\browser\\features\\firefox@getpocket.com.xpi","st":1461279552000},"loop@mozilla.org":{"d":"C:\\Program Files\\Mozilla Firefox\\browser\\features\\loop@mozilla.org.xpi","st":1461279552000}},"app-global":{"{972ce4c6-7e08-4474-a285-3208198ce6fd}":{"d":"C:\\Program Files\\Mozilla Firefox\\browser\\extensions\\{972ce4c6-7e08-4474-a285-3208198ce6fd}.xpi","st":1461279552000}}}
1486373253906	addons.xpi-utils	DEBUG	Opening XPI database C:\Users\admin\AppData\Local\Temp\rust_mozprofile.owUVRKePPutl\extensions.json
1486373253916	addons.xpi-utils	DEBUG	New add-on e10srollout@mozilla.org installed in app-system-defaults
*** Blocklist::_loadBlocklistFromFile: blocklist is disabled
1486373253961	DeferredSave.extensions.json	DEBUG	Save changes
1486373253964	addons.xpi-utils	DEBUG	New add-on firefox@getpocket.com installed in app-system-defaults
1486373253980	DeferredSave.extensions.json	DEBUG	Starting timer
1486373253984	DeferredSave.extensions.json	DEBUG	Save changes
1486373253985	addons.xpi-utils	DEBUG	New add-on loop@mozilla.org installed in app-system-defaults
1486373254024	DeferredSave.extensions.json	DEBUG	Save changes
1486373254028	addons.xpi-utils	DEBUG	New add-on {972ce4c6-7e08-4474-a285-3208198ce6fd} installed in app-global
1486373254041	DeferredSave.extensions.json	DEBUG	Save changes
1486373254041	addons.xpi-utils	INFO	Hiding the updated system add-ons.
1486373254065	addons.xpi	DEBUG	Loading bootstrap scope from C:\Program Files\Mozilla Firefox\browser\features\e10srollout@mozilla.org.xpi
1486373254107	addons.xpi	DEBUG	Calling bootstrap method install on e10srollout@mozilla.org version 1.0
1486373254107	addons.xpi-utils	DEBUG	Make addon app-system-defaults:e10srollout@mozilla.org visible
1486373254108	DeferredSave.extensions.json	DEBUG	Save changes
1486373254110	addons.xpi	DEBUG	Loading bootstrap scope from C:\Program Files\Mozilla Firefox\browser\features\firefox@getpocket.com.xpi
1486373254136	addons.xpi	DEBUG	Calling bootstrap method install on firefox@getpocket.com version 1.0
1486373254136	addons.xpi-utils	DEBUG	Make addon app-system-defaults:firefox@getpocket.com visible
1486373254137	DeferredSave.extensions.json	DEBUG	Save changes
1486373254139	addons.xpi	DEBUG	Loading bootstrap scope from C:\Program Files\Mozilla Firefox\browser\features\loop@mozilla.org.xpi
1486373254155	addons.xpi	DEBUG	Calling bootstrap method install on loop@mozilla.org version 1.2.6
1486373254159	addons.xpi-utils	DEBUG	Make addon app-system-defaults:loop@mozilla.org visible
1486373254160	DeferredSave.extensions.json	DEBUG	Save changes
1486373254160	addons.xpi-utils	DEBUG	Make addon app-global:{972ce4c6-7e08-4474-a285-3208198ce6fd} visible
1486373254161	DeferredSave.extensions.json	DEBUG	Save changes
1486373254162	addons.xpi	DEBUG	Updating XPIState for {"id":"e10srollout@mozilla.org","syncGUID":"dakAC0s645TO","location":"app-system-defaults","version":"1.0","type":"extension","internalName":null,"updateURL":null,"updateKey":null,"optionsURL":null,"optionsType":null,"aboutURL":null,"icons":{},"iconURL":null,"icon64URL":null,"defaultLocale":{"name":"Multi-process staged rollout","description":"Staged rollout of Firefox multi-process feature.","creator":null,"homepageURL":null},"visible":true,"active":true,"userDisabled":false,"appDisabled":false,"descriptor":"C:\\Program Files\\Mozilla Firefox\\browser\\features\\e10srollout@mozilla.org.xpi","installDate":1461279552000,"updateDate":1461279552000,"applyBackgroundUpdates":1,"bootstrap":true,"skinnable":false,"size":4778,"sourceURI":null,"releaseNotesURI":null,"softDisabled":false,"foreignInstall":false,"hasBinaryComponents":false,"strictCompatibility":false,"locales":[],"targetApplications":[{"id":"{ec8030f7-c20a-464f-9b0e-13a3a9e97384}","minVersion":"46.0","maxVersion":"46.0"}],"targetPlatforms":[],"multiprocessCompatible":false,"seen":true}
1486373254162	addons.xpi	DEBUG	getModTime: Recursive scan of e10srollout@mozilla.org
1486373254166	addons.xpi	DEBUG	Updating XPIState for {"id":"firefox@getpocket.com","syncGUID":"0TDEaapdcLwr","location":"app-system-defaults","version":"1.0","type":"extension","internalName":null,"updateURL":null,"updateKey":null,"optionsURL":null,"optionsType":null,"aboutURL":null,"icons":{},"iconURL":null,"icon64URL":null,"defaultLocale":{"name":"Pocket","description":"When you find something you want to view later, put it in Pocket.","creator":null,"homepageURL":null},"visible":true,"active":true,"userDisabled":false,"appDisabled":false,"descriptor":"C:\\Program Files\\Mozilla Firefox\\browser\\features\\firefox@getpocket.com.xpi","installDate":1461279552000,"updateDate":1461279552000,"applyBackgroundUpdates":1,"bootstrap":true,"skinnable":false,"size":893211,"sourceURI":null,"releaseNotesURI":null,"softDisabled":false,"foreignInstall":false,"hasBinaryComponents":false,"strictCompatibility":false,"locales":[],"targetApplications":[{"id":"{ec8030f7-c20a-464f-9b0e-13a3a9e97384}","minVersion":"46.0","maxVersion":"46.0"}],"targetPlatforms":[],"multiprocessCompatible":false,"seen":true}
1486373254166	addons.xpi	DEBUG	getModTime: Recursive scan of firefox@getpocket.com
1486373254170	addons.xpi	DEBUG	Updating XPIState for {"id":"loop@mozilla.org","syncGUID":"G3FBRglRbfSS","location":"app-system-defaults","version":"1.2.6","type":"extension","internalName":null,"updateURL":null,"updateKey":null,"optionsURL":null,"optionsType":null,"aboutURL":null,"icons":{},"iconURL":null,"icon64URL":null,"defaultLocale":{"name":"Firefox Hello","description":"Web sharing for Firefox","creator":"Mozilla","homepageURL":null},"visible":true,"active":true,"userDisabled":false,"appDisabled":false,"descriptor":"C:\\Program Files\\Mozilla Firefox\\browser\\features\\loop@mozilla.org.xpi","installDate":1461279552000,"updateDate":1461279552000,"applyBackgroundUpdates":1,"bootstrap":true,"skinnable":false,"size":4185303,"sourceURI":null,"releaseNotesURI":null,"softDisabled":false,"foreignInstall":false,"hasBinaryComponents":false,"strictCompatibility":false,"locales":[],"targetApplications":[{"id":"{ec8030f7-c20a-464f-9b0e-13a3a9e97384}","minVersion":"46.0a1","maxVersion":"46.*"},{"id":"xpcshell@tests.mozilla.org","minVersion":"0","maxVersion":"10"}],"targetPlatforms":[],"multiprocessCompatible":false,"seen":true}
1486373254170	addons.xpi	DEBUG	getModTime: Recursive scan of loop@mozilla.org
1486373254174	addons.xpi	DEBUG	Updating XPIState for {"id":"{972ce4c6-7e08-4474-a285-3208198ce6fd}","syncGUID":"q4mNOoxLSAsm","location":"app-global","version":"46.0","type":"theme","internalName":"classic/1.0","updateURL":null,"updateKey":null,"optionsURL":null,"optionsType":null,"aboutURL":null,"icons":{"32":"icon.png","48":"icon.png"},"iconURL":null,"icon64URL":null,"defaultLocale":{"name":"Default","description":"The default theme.","creator":"Mozilla","homepageURL":null,"contributors":["Mozilla Contributors"]},"visible":true,"active":true,"userDisabled":false,"appDisabled":false,"descriptor":"C:\\Program Files\\Mozilla Firefox\\browser\\extensions\\{972ce4c6-7e08-4474-a285-3208198ce6fd}.xpi","installDate":1461279552000,"updateDate":1461279552000,"applyBackgroundUpdates":1,"skinnable":true,"size":22006,"sourceURI":null,"releaseNotesURI":null,"softDisabled":false,"foreignInstall":false,"hasBinaryComponents":false,"strictCompatibility":true,"locales":[],"targetApplications":[{"id":"{ec8030f7-c20a-464f-9b0e-13a3a9e97384}","minVersion":"46.0","maxVersion":"46.0"}],"targetPlatforms":[],"seen":true}
1486373254175	addons.xpi	DEBUG	getModTime: Recursive scan of {972ce4c6-7e08-4474-a285-3208198ce6fd}
1486373254181	DeferredSave.extensions.json	DEBUG	Save changes
1486373254182	addons.xpi	DEBUG	Updating database with changes to installed add-ons
1486373254182	addons.xpi-utils	DEBUG	Updating add-on states
1486373254184	addons.xpi-utils	DEBUG	Writing add-ons list
1486373254194	addons.xpi	DEBUG	Registering manifest for C:\Program Files\Mozilla Firefox\browser\features\e10srollout@mozilla.org.xpi
1486373254196	addons.xpi	DEBUG	Calling bootstrap method startup on e10srollout@mozilla.org version 1.0
1486373254196	addons.xpi	DEBUG	Registering manifest for C:\Program Files\Mozilla Firefox\browser\features\firefox@getpocket.com.xpi
1486373254198	addons.xpi	DEBUG	Calling bootstrap method startup on firefox@getpocket.com version 1.0
1486373254200	addons.xpi	DEBUG	Registering manifest for C:\Program Files\Mozilla Firefox\browser\features\loop@mozilla.org.xpi
1486373254236	addons.xpi	DEBUG	Calling bootstrap method startup on loop@mozilla.org version 1.2.6
1486373254356	addons.manager	DEBUG	Registering shutdown blocker for XPIProvider
1486373254359	addons.manager	DEBUG	Provider finished startup: XPIProvider
1486373254359	addons.manager	DEBUG	Starting provider: LightweightThemeManager
1486373254360	addons.manager	DEBUG	Registering shutdown blocker for LightweightThemeManager
1486373254360	addons.manager	DEBUG	Provider finished startup: LightweightThemeManager
1486373254371	addons.manager	DEBUG	Starting provider: GMPProvider
1486373254402	addons.manager	DEBUG	Registering shutdown blocker for GMPProvider
1486373254403	addons.manager	DEBUG	Provider finished startup: GMPProvider
1486373254403	addons.manager	DEBUG	Starting provider: PluginProvider
1486373254406	addons.manager	DEBUG	Registering shutdown blocker for PluginProvider
1486373254412	addons.manager	DEBUG	Provider finished startup: PluginProvider
1486373254415	addons.manager	DEBUG	Completed startup sequence
1486373255639	Marionette	INFO	Listening on port 51826
1486373257341	addons.manager	DEBUG	Starting provider: <unnamed-provider>
1486373257341	addons.manager	DEBUG	Registering shutdown blocker for <unnamed-provider>
1486373257345	addons.manager	DEBUG	Provider finished startup: <unnamed-provider>
1486373257434	addons.manager	DEBUG	Starting provider: PreviousExperimentProvider
1486373257437	addons.manager	DEBUG	Registering shutdown blocker for PreviousExperimentProvider
1486373257439	addons.manager	DEBUG	Provider finished startup: PreviousExperimentProvider
1486373257455	DeferredSave.extensions.json	DEBUG	Starting write
1486373258331	DeferredSave.extensions.json	DEBUG	Write succeeded
1486373258332	addons.xpi-utils	DEBUG	XPI Database saved, setting schema version preference to 17
Feb 06, 2017 4:27:41 PM org.openqa.selenium.remote.ProtocolHandshake createSession
INFO: Detected dialect: W3C
1486373292332	addons.xpi	DEBUG	Calling bootstrap method shutdown on e10srollout@mozilla.org version 1.0
1486373292334	addons.xpi	DEBUG	Calling bootstrap method shutdown on firefox@getpocket.com version 1.0
1486373292336	addons.xpi	DEBUG	Calling bootstrap method shutdown on loop@mozilla.org version 1.2.6
Feb 06, 2017 4:28:14 PM org.openqa.selenium.os.ProcessUtils killWinProcess
WARNING: Process refused to die after 10 seconds, and couldn't taskkill it
java.lang.NullPointerException: Unable to find executable for: taskkill
	at com.google.common.base.Preconditions.checkNotNull(Preconditions.java:251)
	at org.openqa.selenium.os.UnixProcess.<init>(UnixProcess.java:62)
	at org.openqa.selenium.os.CommandLine.<init>(CommandLine.java:38)
	at org.openqa.selenium.os.WindowsUtils.killPID(WindowsUtils.java:178)
	at org.openqa.selenium.os.ProcessUtils.killWinProcess(ProcessUtils.java:128)
	at org.openqa.selenium.os.ProcessUtils.killProcess(ProcessUtils.java:81)
	at org.openqa.selenium.os.UnixProcess$SeleniumWatchDog.destroyHarder(UnixProcess.java:254)
	at org.openqa.selenium.os.UnixProcess$SeleniumWatchDog.access$200(UnixProcess.java:208)
	at org.openqa.selenium.os.UnixProcess.destroy(UnixProcess.java:125)
	at org.openqa.selenium.os.CommandLine.destroy(CommandLine.java:155)
	at org.openqa.selenium.remote.service.DriverService.stop(DriverService.java:196)
	at org.openqa.selenium.remote.service.DriverCommandExecutor.execute(DriverCommandExecutor.java:94)
	at org.openqa.selenium.remote.RemoteWebDriver.execute(RemoteWebDriver.java:601)
	at org.openqa.selenium.remote.RemoteWebDriver.execute(RemoteWebDriver.java:658)
	at org.openqa.selenium.remote.RemoteWebDriver.quit(RemoteWebDriver.java:497)
	at net.thucydides.core.webdriver.WebDriverFacade.quit(WebDriverFacade.java:326)
	at net.thucydides.core.webdriver.WebDriverFacade.close(WebDriverFacade.java:311)
	at com.absolute.customercenter.login.LoginTest.tearDown(LoginTest.java:102)
	at sun.reflect.NativeMethodAccessorImpl.invoke0(Native Method)
	at sun.reflect.NativeMethodAccessorImpl.invoke(NativeMethodAccessorImpl.java:62)
	at sun.reflect.DelegatingMethodAccessorImpl.invoke(DelegatingMethodAccessorImpl.java:43)
	at java.lang.reflect.Method.invoke(Method.java:497)
	at org.junit.runners.model.FrameworkMethod$1.runReflectiveCall(FrameworkMethod.java:50)
	at org.junit.internal.runners.model.ReflectiveCallable.run(ReflectiveCallable.java:12)
	at org.junit.runners.model.FrameworkMethod.invokeExplosively(FrameworkMethod.java:47)
	at org.junit.internal.runners.statements.RunAfters.evaluate(RunAfters.java:33)
	at org.junit.runners.ParentRunner.runLeaf(ParentRunner.java:325)
	at org.junit.runners.BlockJUnit4ClassRunner.runChild(BlockJUnit4ClassRunner.java:78)
	at net.serenitybdd.junit.runners.SerenityRunner.performRunChild(SerenityRunner.java:460)
	at net.serenitybdd.junit.runners.SerenityRunner.runChild(SerenityRunner.java:433)
	at net.serenitybdd.junit.runners.SerenityRunner.runChild(SerenityRunner.java:53)
	at org.junit.runners.ParentRunner$3.run(ParentRunner.java:290)
	at org.junit.runners.ParentRunner$1.schedule(ParentRunner.java:71)
	at org.junit.runners.ParentRunner.runChildren(ParentRunner.java:288)
	at org.junit.runners.ParentRunner.access$000(ParentRunner.java:58)
	at org.junit.runners.ParentRunner$2.evaluate(ParentRunner.java:268)
	at org.junit.runners.ParentRunner.run(ParentRunner.java:363)
	at net.serenitybdd.junit.runners.SerenityRunner.run(SerenityRunner.java:248)
	at org.junit.runners.Suite.runChild(Suite.java:128)
	at org.junit.runners.Suite.runChild(Suite.java:27)
	at org.junit.runners.ParentRunner$3.run(ParentRunner.java:290)
	at org.junit.runners.ParentRunner$1.schedule(ParentRunner.java:71)
	at org.junit.runners.ParentRunner.runChildren(ParentRunner.java:288)
	at org.junit.runners.ParentRunner.access$000(ParentRunner.java:58)
	at org.junit.runners.ParentRunner$2.evaluate(ParentRunner.java:268)
	at org.junit.runners.ParentRunner.run(ParentRunner.java:363)
	at net.serenitybdd.junit.runners.SerenityParameterizedRunner.run(SerenityParameterizedRunner.java:184)
	at org.apache.maven.surefire.junit4.JUnit4Provider.execute(JUnit4Provider.java:367)
	at org.apache.maven.surefire.junit4.JUnit4Provider.executeWithRerun(JUnit4Provider.java:274)
	at org.apache.maven.surefire.junit4.JUnit4Provider.executeTestSet(JUnit4Provider.java:238)
	at org.apache.maven.surefire.junit4.JUnit4Provider.invoke(JUnit4Provider.java:161)
	at org.apache.maven.surefire.booter.ForkedBooter.invokeProviderInSameClassLoader(ForkedBooter.java:290)
	at org.apache.maven.surefire.booter.ForkedBooter.runSuitesInProcess(ForkedBooter.java:242)
	at org.apache.maven.surefire.booter.ForkedBooter.main(ForkedBooter.java:121)

[main] WARN net.thucydides.core.webdriver.WebDriverFacade - Error while quitting the driver (Error communicating with the remote browser. It may have died.
Build info: version: '3.0.1', revision: '1969d75', time: '2016-10-18 09:49:13 -0700'
System info: host: 'PC-test101', ip: '174.16.10.172', os.name: 'Windows 7', os.arch: 'x86', os.version: '6.1', java.version: '1.8.0_60'
Driver info: driver.version: RemoteWebDriver
Capabilities [{rotatable=false, raisesAccessibilityExceptions=false, marionette=true, firefoxOptions={args=[], profile=UEsDBBQACAgIAHCDRkoAAAAAAAAAAAAAAAAHAAAAdXNlci5qc51WTW/bOBC9769Y+NQFGiJptoftnrJpChQoNkWNoEeCIkcSY4pkOaQV76/foT5qx5alpL7YkmfImTdv3kxCCNwHKN+siuBaemIoSuh+a1uxRphWBGBgRWFArd7+XgqD8Mffv6W9pxKRbLwLMbvUIEys+2dGRlstF/wtxNaFDatj9MzXGuvdRf7bC8QLA7aKNTm+e//+udsYcACh6EtBBBlBfdIB4w3FIg2QWwzpOFzXUF5PXNbBNcBRBu0jD8nyqJvscn05fVEUBTKCw97bW+MQprMZrZVrrXFC0V1WVBnY2rXfa7BrQisjNe3uKSgfMV/GG6eEWcAettE5gwxCcEE6i84cwn2aPurKOkuoNdAUENbdI85XhoJ62jF0coM815Ws/6LPdOIIiJqOjI6IEwATgVxSVlwGgfU8aEbbDXMeLIenCMEKkyv/arqVmQPfkp2+rIVCBb2lZyElUO2TJZiQuMMlhIiTsP0sq0ZvxA7U3dXl+l9HNMs8+HPamF6pe/tdWyIDXl0yTRe5h29fyGMlCpfih8IIu1mdErRPiAtj+CMSGDlO3dfpNLYnrwlusmVtrSMYjZEO+JF0OEebzJmNjmwo8EhRSi4TZxYAI6gw1C3zvMRM8uRZTS3m6WzegpG53VLIJV0dpZyrbTvWsOSpwMAsQVvuHsjk1aKTfO67u9nwQKag425Igj+KrViwLLUB+sUwBi0jd0FX2lI3GC13Z0KkOg6I8rbjAHX0Fjj1hP5vQT0stKQAbEBrhivPYOijYfnlOhWN7hrxa/fypqP6yyR88phZPH/2/lD2XHKyPCOk+y6nNHtkTtvclSXZwYXwHhlxm9ArdlxBKZKJ08o2lkqiHwo7He0p22a5PDYLdRaJZgw71ot0Z/9uyXb26BGRu4cvN+yaiX2RTtPLHO2H1ay+H5di7MB5Hp3GHeCxm6ezl/Q0zcfP53mAuEjRfey7Yi2JBFnSri7PKfTQn1ZEeuSwBbugzwdD+p4YthhOYWiqdYr5okIhiCDrgTZLC0DDenIzlRo/WzQi+Yuo+IwvpCUhaDUt1ye6dSxY19Ojvh8FF2P3EYtiOrMdjMEMtudFMG9by2vWwVjGbmnYj2VSoNQNglnkMrOmgzhoHdfP0W4b+2xv+4Xp7J44yncnVopgtBXPw2WBJDXQLJY1yM3HXq/+6f95/axkQimdIxYLg2Byff/Vtd24qsovh31yVvoPeqnL+Jakkbq10Cazz+qqjubMgDxwHW/8FWXjYyOwhpbOjoirvNUGOMJovyflJZiITZN4YVHa970pMfl+v9ivMP8DUEsHCC0GxPvUAwAAQA0AAFBLAQIUABQACAgIAHCDRkotBsT71AMAAEANAAAHAAAAAAAAAAAAAAAAAAAAAAB1c2VyLmpzUEsFBgAAAAABAAEANQAAAAkEAAAAAA==}, appBuildId=20160421124000, version=, platform=XP, proxy={}, specificationLevel=1, acceptSslCerts=false, browserVersion=46.0, platformVersion=6.1, XULappId={ec8030f7-c20a-464f-9b0e-13a3a9e97384}, browserName=Firefox, takesScreenshot=true, takesElementScreenshot=true, platformName=Windows_NT, device=desktop, firefox_profile=UEsDBBQACAgIAHCDRkoAAAAAAAAAA...}]
Session ID: 31edcad7-2d15-4aee-bd0a-8cfa195a5368)
]]></system-err>
  </testcase>
  <testcase name="verifyLoginWorkFlow[1]" classname="com.absolute.customercenter.login.LoginTest" time="41.335"/>
  <testcase name="verifyLoginWorkFlow[2]" classname="com.absolute.customercenter.login.LoginTest" time="40.126"/>
  <testcase name="verifyLoginWorkFlow[3]" classname="com.absolute.customercenter.login.LoginTest" time="44.654">
    <failure type="java.lang.AssertionError">java.lang.AssertionError
	at com.absolute.customercenter.login.LoginTest.verifyLoginWorkFlow(LoginTest.java:97)
</failure>
    <system-out><![CDATA[Running for Desktop....
]]></system-out>
    <system-err><![CDATA[[main] INFO net.serenitybdd.core.Serenity - 
        __    _____ _____ ____ _____   ____   _    ____  ____  _____ ____  
  _     \ \  |_   _| ____/ ___|_   _| |  _ \ / \  / ___|/ ___|| ____|  _ \ 
 (_)_____| |   | | |  _| \___ \ | |   | |_) / _ \ \___ \\___ \|  _| | | | |
  _|_____| |   | | | |___ ___) || |   |  __/ ___ \ ___) |___) | |___| |_| |
 (_)     | |   |_| |_____|____/ |_|   |_| /_/   \_\____/|____/|_____|____/ 
        /_/                                                                

TEST PASSED: Verify login workflow
----------------------------------------------------------------------------
[main] INFO net.serenitybdd.core.Serenity - Test Suite Started: Login test
[main] INFO net.serenitybdd.core.Serenity - 
 _____ _____ ____ _____   ____ _____  _    ____ _____ _____ ____  
|_   _| ____/ ___|_   _| / ___|_   _|/ \  |  _ \_   _| ____|  _ \ 
  | | |  _| \___ \ | |   \___ \ | | / _ \ | |_) || | |  _| | | | |
  | | | |___ ___) || |    ___) || |/ ___ \|  _ < | | | |___| |_| |
  |_| |_____|____/ |_|   |____/ |_/_/   \_\_| \_\|_| |_____|____/ 
                                                                  

TEST STARTED: verifyLoginWorkFlow[3]
-------------------------------------------------------------------
[main] INFO net.serenitybdd.core.Serenity - TEST NUMBER: 4
1486373376609	geckodriver	INFO	Listening on 127.0.0.1:42940
Feb 06, 2017 4:29:37 PM org.openqa.selenium.remote.ProtocolHandshake createSession
INFO: Attempting bi-dialect session, assuming Postel's Law holds true on the remote end
1486373377035	mozprofile::profile	INFO	Using profile path C:\Users\admin\AppData\Local\Temp\rust_mozprofile.uLH9XcrBCrwX
1486373377079	geckodriver::marionette	INFO	Starting browser C:\Program Files\Mozilla Firefox\firefox.exe
1486373377120	geckodriver::marionette	INFO	Connecting to Marionette on localhost:52056
1486373378141	addons.manager	DEBUG	Application has been upgraded
1486373378351	addons.manager	DEBUG	Loaded provider scope for resource://gre/modules/addons/XPIProvider.jsm: ["XPIProvider"]
1486373378357	addons.manager	DEBUG	Loaded provider scope for resource://gre/modules/LightweightThemeManager.jsm: ["LightweightThemeManager"]
1486373378373	addons.manager	DEBUG	Loaded provider scope for resource://gre/modules/addons/GMPProvider.jsm
1486373378378	addons.manager	DEBUG	Loaded provider scope for resource://gre/modules/addons/PluginProvider.jsm
1486373378381	addons.manager	DEBUG	Starting provider: XPIProvider
1486373378382	addons.xpi	DEBUG	startup
1486373378385	addons.xpi	INFO	SystemAddonInstallLocation directory is missing
1486373378389	addons.xpi	INFO	Mapping e10srollout@mozilla.org to C:\Program Files\Mozilla Firefox\browser\features\e10srollout@mozilla.org.xpi
1486373378393	addons.xpi	INFO	Mapping firefox@getpocket.com to C:\Program Files\Mozilla Firefox\browser\features\firefox@getpocket.com.xpi
1486373378394	addons.xpi	INFO	Mapping loop@mozilla.org to C:\Program Files\Mozilla Firefox\browser\features\loop@mozilla.org.xpi
1486373378400	addons.xpi	INFO	Mapping {972ce4c6-7e08-4474-a285-3208198ce6fd} to C:\Program Files\Mozilla Firefox\browser\extensions\{972ce4c6-7e08-4474-a285-3208198ce6fd}.xpi
1486373378405	addons.xpi	DEBUG	checkForChanges
1486373378407	addons.xpi	DEBUG	Loaded add-on state from prefs: {}
1486373378411	addons.xpi	DEBUG	New add-on e10srollout@mozilla.org in app-system-defaults
1486373378413	addons.xpi	DEBUG	getModTime: Recursive scan of e10srollout@mozilla.org
1486373378415	addons.xpi	DEBUG	New add-on firefox@getpocket.com in app-system-defaults
1486373378416	addons.xpi	DEBUG	getModTime: Recursive scan of firefox@getpocket.com
1486373378417	addons.xpi	DEBUG	New add-on loop@mozilla.org in app-system-defaults
1486373378418	addons.xpi	DEBUG	getModTime: Recursive scan of loop@mozilla.org
1486373378430	addons.xpi	DEBUG	New add-on {972ce4c6-7e08-4474-a285-3208198ce6fd} in app-global
1486373378432	addons.xpi	DEBUG	getModTime: Recursive scan of {972ce4c6-7e08-4474-a285-3208198ce6fd}
1486373378435	addons.xpi	DEBUG	getInstallState changed: true, state: {"app-system-defaults":{"e10srollout@mozilla.org":{"d":"C:\\Program Files\\Mozilla Firefox\\browser\\features\\e10srollout@mozilla.org.xpi","st":1461279552000},"firefox@getpocket.com":{"d":"C:\\Program Files\\Mozilla Firefox\\browser\\features\\firefox@getpocket.com.xpi","st":1461279552000},"loop@mozilla.org":{"d":"C:\\Program Files\\Mozilla Firefox\\browser\\features\\loop@mozilla.org.xpi","st":1461279552000}},"app-global":{"{972ce4c6-7e08-4474-a285-3208198ce6fd}":{"d":"C:\\Program Files\\Mozilla Firefox\\browser\\extensions\\{972ce4c6-7e08-4474-a285-3208198ce6fd}.xpi","st":1461279552000}}}
1486373378488	addons.xpi-utils	DEBUG	Opening XPI database C:\Users\admin\AppData\Local\Temp\rust_mozprofile.uLH9XcrBCrwX\extensions.json
1486373378495	addons.xpi-utils	DEBUG	New add-on e10srollout@mozilla.org installed in app-system-defaults
*** Blocklist::_loadBlocklistFromFile: blocklist is disabled
1486373378590	DeferredSave.extensions.json	DEBUG	Save changes
1486373378593	addons.xpi-utils	DEBUG	New add-on firefox@getpocket.com installed in app-system-defaults
1486373378608	DeferredSave.extensions.json	DEBUG	Starting timer
1486373378613	DeferredSave.extensions.json	DEBUG	Save changes
1486373378614	addons.xpi-utils	DEBUG	New add-on loop@mozilla.org installed in app-system-defaults
1486373378642	DeferredSave.extensions.json	DEBUG	Save changes
1486373378646	addons.xpi-utils	DEBUG	New add-on {972ce4c6-7e08-4474-a285-3208198ce6fd} installed in app-global
1486373378661	DeferredSave.extensions.json	DEBUG	Save changes
1486373378661	addons.xpi-utils	INFO	Hiding the updated system add-ons.
1486373378687	addons.xpi	DEBUG	Loading bootstrap scope from C:\Program Files\Mozilla Firefox\browser\features\e10srollout@mozilla.org.xpi
1486373378731	addons.xpi	DEBUG	Calling bootstrap method install on e10srollout@mozilla.org version 1.0
1486373378732	addons.xpi-utils	DEBUG	Make addon app-system-defaults:e10srollout@mozilla.org visible
1486373378735	DeferredSave.extensions.json	DEBUG	Save changes
1486373378736	addons.xpi	DEBUG	Loading bootstrap scope from C:\Program Files\Mozilla Firefox\browser\features\firefox@getpocket.com.xpi
1486373378757	addons.xpi	DEBUG	Calling bootstrap method install on firefox@getpocket.com version 1.0
1486373378757	addons.xpi-utils	DEBUG	Make addon app-system-defaults:firefox@getpocket.com visible
1486373378759	DeferredSave.extensions.json	DEBUG	Save changes
1486373378761	addons.xpi	DEBUG	Loading bootstrap scope from C:\Program Files\Mozilla Firefox\browser\features\loop@mozilla.org.xpi
1486373378784	addons.xpi	DEBUG	Calling bootstrap method install on loop@mozilla.org version 1.2.6
1486373378784	addons.xpi-utils	DEBUG	Make addon app-system-defaults:loop@mozilla.org visible
1486373378785	DeferredSave.extensions.json	DEBUG	Save changes
1486373378787	addons.xpi-utils	DEBUG	Make addon app-global:{972ce4c6-7e08-4474-a285-3208198ce6fd} visible
1486373378788	DeferredSave.extensions.json	DEBUG	Save changes
1486373378792	addons.xpi	DEBUG	Updating XPIState for {"id":"e10srollout@mozilla.org","syncGUID":"mgoUYGguTGh5","location":"app-system-defaults","version":"1.0","type":"extension","internalName":null,"updateURL":null,"updateKey":null,"optionsURL":null,"optionsType":null,"aboutURL":null,"icons":{},"iconURL":null,"icon64URL":null,"defaultLocale":{"name":"Multi-process staged rollout","description":"Staged rollout of Firefox multi-process feature.","creator":null,"homepageURL":null},"visible":true,"active":true,"userDisabled":false,"appDisabled":false,"descriptor":"C:\\Program Files\\Mozilla Firefox\\browser\\features\\e10srollout@mozilla.org.xpi","installDate":1461279552000,"updateDate":1461279552000,"applyBackgroundUpdates":1,"bootstrap":true,"skinnable":false,"size":4778,"sourceURI":null,"releaseNotesURI":null,"softDisabled":false,"foreignInstall":false,"hasBinaryComponents":false,"strictCompatibility":false,"locales":[],"targetApplications":[{"id":"{ec8030f7-c20a-464f-9b0e-13a3a9e97384}","minVersion":"46.0","maxVersion":"46.0"}],"targetPlatforms":[],"multiprocessCompatible":false,"seen":true}
1486373378794	addons.xpi	DEBUG	getModTime: Recursive scan of e10srollout@mozilla.org
1486373378796	addons.xpi	DEBUG	Updating XPIState for {"id":"firefox@getpocket.com","syncGUID":"YtHnJzCu-8k5","location":"app-system-defaults","version":"1.0","type":"extension","internalName":null,"updateURL":null,"updateKey":null,"optionsURL":null,"optionsType":null,"aboutURL":null,"icons":{},"iconURL":null,"icon64URL":null,"defaultLocale":{"name":"Pocket","description":"When you find something you want to view later, put it in Pocket.","creator":null,"homepageURL":null},"visible":true,"active":true,"userDisabled":false,"appDisabled":false,"descriptor":"C:\\Program Files\\Mozilla Firefox\\browser\\features\\firefox@getpocket.com.xpi","installDate":1461279552000,"updateDate":1461279552000,"applyBackgroundUpdates":1,"bootstrap":true,"skinnable":false,"size":893211,"sourceURI":null,"releaseNotesURI":null,"softDisabled":false,"foreignInstall":false,"hasBinaryComponents":false,"strictCompatibility":false,"locales":[],"targetApplications":[{"id":"{ec8030f7-c20a-464f-9b0e-13a3a9e97384}","minVersion":"46.0","maxVersion":"46.0"}],"targetPlatforms":[],"multiprocessCompatible":false,"seen":true}
1486373378796	addons.xpi	DEBUG	getModTime: Recursive scan of firefox@getpocket.com
1486373378798	addons.xpi	DEBUG	Updating XPIState for {"id":"loop@mozilla.org","syncGUID":"q7kmQ37kGk6F","location":"app-system-defaults","version":"1.2.6","type":"extension","internalName":null,"updateURL":null,"updateKey":null,"optionsURL":null,"optionsType":null,"aboutURL":null,"icons":{},"iconURL":null,"icon64URL":null,"defaultLocale":{"name":"Firefox Hello","description":"Web sharing for Firefox","creator":"Mozilla","homepageURL":null},"visible":true,"active":true,"userDisabled":false,"appDisabled":false,"descriptor":"C:\\Program Files\\Mozilla Firefox\\browser\\features\\loop@mozilla.org.xpi","installDate":1461279552000,"updateDate":1461279552000,"applyBackgroundUpdates":1,"bootstrap":true,"skinnable":false,"size":4185303,"sourceURI":null,"releaseNotesURI":null,"softDisabled":false,"foreignInstall":false,"hasBinaryComponents":false,"strictCompatibility":false,"locales":[],"targetApplications":[{"id":"{ec8030f7-c20a-464f-9b0e-13a3a9e97384}","minVersion":"46.0a1","maxVersion":"46.*"},{"id":"xpcshell@tests.mozilla.org","minVersion":"0","maxVersion":"10"}],"targetPlatforms":[],"multiprocessCompatible":false,"seen":true}
1486373378799	addons.xpi	DEBUG	getModTime: Recursive scan of loop@mozilla.org
1486373378801	addons.xpi	DEBUG	Updating XPIState for {"id":"{972ce4c6-7e08-4474-a285-3208198ce6fd}","syncGUID":"JIH8VlGbUPdX","location":"app-global","version":"46.0","type":"theme","internalName":"classic/1.0","updateURL":null,"updateKey":null,"optionsURL":null,"optionsType":null,"aboutURL":null,"icons":{"32":"icon.png","48":"icon.png"},"iconURL":null,"icon64URL":null,"defaultLocale":{"name":"Default","description":"The default theme.","creator":"Mozilla","homepageURL":null,"contributors":["Mozilla Contributors"]},"visible":true,"active":true,"userDisabled":false,"appDisabled":false,"descriptor":"C:\\Program Files\\Mozilla Firefox\\browser\\extensions\\{972ce4c6-7e08-4474-a285-3208198ce6fd}.xpi","installDate":1461279552000,"updateDate":1461279552000,"applyBackgroundUpdates":1,"skinnable":true,"size":22006,"sourceURI":null,"releaseNotesURI":null,"softDisabled":false,"foreignInstall":false,"hasBinaryComponents":false,"strictCompatibility":true,"locales":[],"targetApplications":[{"id":"{ec8030f7-c20a-464f-9b0e-13a3a9e97384}","minVersion":"46.0","maxVersion":"46.0"}],"targetPlatforms":[],"seen":true}
1486373378801	addons.xpi	DEBUG	getModTime: Recursive scan of {972ce4c6-7e08-4474-a285-3208198ce6fd}
1486373378817	DeferredSave.extensions.json	DEBUG	Save changes
1486373378817	addons.xpi	DEBUG	Updating database with changes to installed add-ons
1486373378817	addons.xpi-utils	DEBUG	Updating add-on states
1486373378827	addons.xpi-utils	DEBUG	Writing add-ons list
1486373378840	addons.xpi	DEBUG	Registering manifest for C:\Program Files\Mozilla Firefox\browser\features\e10srollout@mozilla.org.xpi
1486373378843	addons.xpi	DEBUG	Calling bootstrap method startup on e10srollout@mozilla.org version 1.0
1486373378843	addons.xpi	DEBUG	Registering manifest for C:\Program Files\Mozilla Firefox\browser\features\firefox@getpocket.com.xpi
1486373378845	addons.xpi	DEBUG	Calling bootstrap method startup on firefox@getpocket.com version 1.0
1486373378848	addons.xpi	DEBUG	Registering manifest for C:\Program Files\Mozilla Firefox\browser\features\loop@mozilla.org.xpi
1486373378850	addons.xpi	DEBUG	Calling bootstrap method startup on loop@mozilla.org version 1.2.6
1486373378921	addons.manager	DEBUG	Registering shutdown blocker for XPIProvider
1486373378921	addons.manager	DEBUG	Provider finished startup: XPIProvider
1486373378922	addons.manager	DEBUG	Starting provider: LightweightThemeManager
1486373378922	addons.manager	DEBUG	Registering shutdown blocker for LightweightThemeManager
1486373378922	addons.manager	DEBUG	Provider finished startup: LightweightThemeManager
1486373378924	addons.manager	DEBUG	Starting provider: GMPProvider
1486373378942	addons.manager	DEBUG	Registering shutdown blocker for GMPProvider
1486373378943	addons.manager	DEBUG	Provider finished startup: GMPProvider
1486373378944	addons.manager	DEBUG	Starting provider: PluginProvider
1486373378944	addons.manager	DEBUG	Registering shutdown blocker for PluginProvider
1486373378945	addons.manager	DEBUG	Provider finished startup: PluginProvider
1486373378947	addons.manager	DEBUG	Completed startup sequence
1486373380289	Marionette	INFO	Listening on port 52056
1486373381823	addons.manager	DEBUG	Starting provider: <unnamed-provider>
1486373381823	addons.manager	DEBUG	Registering shutdown blocker for <unnamed-provider>
1486373381827	addons.manager	DEBUG	Provider finished startup: <unnamed-provider>
1486373381913	addons.manager	DEBUG	Starting provider: PreviousExperimentProvider
1486373381914	addons.manager	DEBUG	Registering shutdown blocker for PreviousExperimentProvider
1486373381915	addons.manager	DEBUG	Provider finished startup: PreviousExperimentProvider
1486373381940	DeferredSave.extensions.json	DEBUG	Starting write
1486373382950	DeferredSave.extensions.json	DEBUG	Write succeeded
1486373382952	addons.xpi-utils	DEBUG	XPI Database saved, setting schema version preference to 17
Feb 06, 2017 4:29:46 PM org.openqa.selenium.remote.ProtocolHandshake createSession
INFO: Detected dialect: W3C
1486373418329	addons.xpi	DEBUG	Calling bootstrap method shutdown on e10srollout@mozilla.org version 1.0
1486373418330	addons.xpi	DEBUG	Calling bootstrap method shutdown on firefox@getpocket.com version 1.0
1486373418332	addons.xpi	DEBUG	Calling bootstrap method shutdown on loop@mozilla.org version 1.2.6
Feb 06, 2017 4:30:20 PM org.openqa.selenium.os.ProcessUtils killWinProcess
WARNING: Process refused to die after 10 seconds, and couldn't taskkill it
java.lang.NullPointerException: Unable to find executable for: taskkill
	at com.google.common.base.Preconditions.checkNotNull(Preconditions.java:251)
	at org.openqa.selenium.os.UnixProcess.<init>(UnixProcess.java:62)
	at org.openqa.selenium.os.CommandLine.<init>(CommandLine.java:38)
	at org.openqa.selenium.os.WindowsUtils.killPID(WindowsUtils.java:178)
	at org.openqa.selenium.os.ProcessUtils.killWinProcess(ProcessUtils.java:128)
	at org.openqa.selenium.os.ProcessUtils.killProcess(ProcessUtils.java:81)
	at org.openqa.selenium.os.UnixProcess$SeleniumWatchDog.destroyHarder(UnixProcess.java:254)
	at org.openqa.selenium.os.UnixProcess$SeleniumWatchDog.access$200(UnixProcess.java:208)
	at org.openqa.selenium.os.UnixProcess.destroy(UnixProcess.java:125)
	at org.openqa.selenium.os.CommandLine.destroy(CommandLine.java:155)
	at org.openqa.selenium.remote.service.DriverService.stop(DriverService.java:196)
	at org.openqa.selenium.remote.service.DriverCommandExecutor.execute(DriverCommandExecutor.java:94)
	at org.openqa.selenium.remote.RemoteWebDriver.execute(RemoteWebDriver.java:601)
	at org.openqa.selenium.remote.RemoteWebDriver.execute(RemoteWebDriver.java:658)
	at org.openqa.selenium.remote.RemoteWebDriver.quit(RemoteWebDriver.java:497)
	at net.thucydides.core.webdriver.WebDriverFacade.quit(WebDriverFacade.java:326)
	at net.thucydides.core.webdriver.WebDriverFacade.close(WebDriverFacade.java:311)
	at com.absolute.customercenter.login.LoginTest.tearDown(LoginTest.java:102)
	at sun.reflect.NativeMethodAccessorImpl.invoke0(Native Method)
	at sun.reflect.NativeMethodAccessorImpl.invoke(NativeMethodAccessorImpl.java:62)
	at sun.reflect.DelegatingMethodAccessorImpl.invoke(DelegatingMethodAccessorImpl.java:43)
	at java.lang.reflect.Method.invoke(Method.java:497)
	at org.junit.runners.model.FrameworkMethod$1.runReflectiveCall(FrameworkMethod.java:50)
	at org.junit.internal.runners.model.ReflectiveCallable.run(ReflectiveCallable.java:12)
	at org.junit.runners.model.FrameworkMethod.invokeExplosively(FrameworkMethod.java:47)
	at org.junit.internal.runners.statements.RunAfters.evaluate(RunAfters.java:33)
	at org.junit.runners.ParentRunner.runLeaf(ParentRunner.java:325)
	at org.junit.runners.BlockJUnit4ClassRunner.runChild(BlockJUnit4ClassRunner.java:78)
	at net.serenitybdd.junit.runners.SerenityRunner.performRunChild(SerenityRunner.java:460)
	at net.serenitybdd.junit.runners.SerenityRunner.runChild(SerenityRunner.java:433)
	at net.serenitybdd.junit.runners.SerenityRunner.runChild(SerenityRunner.java:53)
	at org.junit.runners.ParentRunner$3.run(ParentRunner.java:290)
	at org.junit.runners.ParentRunner$1.schedule(ParentRunner.java:71)
	at org.junit.runners.ParentRunner.runChildren(ParentRunner.java:288)
	at org.junit.runners.ParentRunner.access$000(ParentRunner.java:58)
	at org.junit.runners.ParentRunner$2.evaluate(ParentRunner.java:268)
	at org.junit.runners.ParentRunner.run(ParentRunner.java:363)
	at net.serenitybdd.junit.runners.SerenityRunner.run(SerenityRunner.java:248)
	at org.junit.runners.Suite.runChild(Suite.java:128)
	at org.junit.runners.Suite.runChild(Suite.java:27)
	at org.junit.runners.ParentRunner$3.run(ParentRunner.java:290)
	at org.junit.runners.ParentRunner$1.schedule(ParentRunner.java:71)
	at org.junit.runners.ParentRunner.runChildren(ParentRunner.java:288)
	at org.junit.runners.ParentRunner.access$000(ParentRunner.java:58)
	at org.junit.runners.ParentRunner$2.evaluate(ParentRunner.java:268)
	at org.junit.runners.ParentRunner.run(ParentRunner.java:363)
	at net.serenitybdd.junit.runners.SerenityParameterizedRunner.run(SerenityParameterizedRunner.java:184)
	at org.apache.maven.surefire.junit4.JUnit4Provider.execute(JUnit4Provider.java:367)
	at org.apache.maven.surefire.junit4.JUnit4Provider.executeWithRerun(JUnit4Provider.java:274)
	at org.apache.maven.surefire.junit4.JUnit4Provider.executeTestSet(JUnit4Provider.java:238)
	at org.apache.maven.surefire.junit4.JUnit4Provider.invoke(JUnit4Provider.java:161)
	at org.apache.maven.surefire.booter.ForkedBooter.invokeProviderInSameClassLoader(ForkedBooter.java:290)
	at org.apache.maven.surefire.booter.ForkedBooter.runSuitesInProcess(ForkedBooter.java:242)
	at org.apache.maven.surefire.booter.ForkedBooter.main(ForkedBooter.java:121)

[main] WARN net.thucydides.core.webdriver.WebDriverFacade - Error while quitting the driver (Error communicating with the remote browser. It may have died.
Build info: version: '3.0.1', revision: '1969d75', time: '2016-10-18 09:49:13 -0700'
System info: host: 'PC-test101', ip: '174.16.10.172', os.name: 'Windows 7', os.arch: 'x86', os.version: '6.1', java.version: '1.8.0_60'
Driver info: driver.version: RemoteWebDriver
Capabilities [{rotatable=false, raisesAccessibilityExceptions=false, marionette=true, firefoxOptions={args=[], profile=UEsDBBQACAgIALKDRkoAAAAAAAAAAAAAAAAHAAAAdXNlci5qc51WTW/bOBC9769Y+NQFGiJptoftnrJpChQoNkWNoEeCIkcSY4pkOaQV76/foT5qx5alpL7YkmfImTdv3kxCCNwHKN+siuBaemIoSuh+a1uxRphWBGBgRWFArd7+XgqD8Mffv6W9pxKRbLwLMbvUIEys+2dGRlstF/wtxNaFDatj9MzXGuvdRf7bC8QLA7aKNTm+e//+udsYcACh6EtBBBlBfdIB4w3FIg2QWwzpOFzXUF5PXNbBNcBRBu0jD8nyqJvscn05fVEUBTKCw97bW+MQprMZrZVrrXFC0V1WVBnY2rXfa7BrQisjNe3uKSgfMV/GG6eEWcAettE5gwxCcEE6i84cwn2aPurKOkuoNdAUENbdI85XhoJ62jF0coM815Ws/6LPdOIIiJqOjI6IEwATgVxSVlwGgfU8aEbbDXMeLIenCMEKkyv/arqVmQPfkp2+rIVCBb2lZyElUO2TJZiQuMMlhIiTsP0sq0ZvxA7U3dXl+l9HNMs8+HPamF6pe/tdWyIDXl0yTRe5h29fyGMlCpfih8IIu1mdErRPiAtj+CMSGDlO3dfpNLYnrwlusmVtrSMYjZEO+JF0OEebzJmNjmwo8EhRSi4TZxYAI6gw1C3zvMRM8uRZTS3m6WzegpG53VLIJV0dpZyrbTvWsOSpwMAsQVvuHsjk1aKTfO67u9nwQKag425Igj+KrViwLLUB+sUwBi0jd0FX2lI3GC13Z0KkOg6I8rbjAHX0Fjj1hP5vQT0stKQAbEBrhivPYOijYfnlOhWN7hrxa/fypqP6yyR88phZPH/2/lD2XHKyPCOk+y6nNHtkTtvclSXZwYXwHhlxm9ArdlxBKZKJ08o2lkqiHwo7He0p22a5PDYLdRaJZgw71ot0Z/9uyXb26BGRu4cvN+yaiX2RTtPLHO2H1ay+H5di7MB5Hp3GHeCxm6ezl/Q0zcfP53mAuEjRfey7Yi2JBFnSri7PKfTQn1ZEeuSwBbugzwdD+p4YthhOYWiqdYr5okIhiCDrgTZLC0DDenIzlRo/WzQi+Yuo+IwvpCUhaDUt1ye6dSxY19Ojvh8FF2P3EYtiOrMdjMEMtudFMG9by2vWwVjGbmnYj2VSoNQNglnkMrOmgzhoHdfP0W4b+2xv+4Xp7J44yncnVopgtBXPw2WBJDXQLJY1yM3HXq/+6f95/axkQimdIxYLg2Byff/Vtd24qsovh31yVvoPeqnL+Jakkbq10Cazz+qqjubMgDxwHW/8FWXjYyOwhpbOjoirvNUGOMJovyflJZiITZN4YVHa970pMfl+v9ivMP8DUEsHCC0GxPvUAwAAQA0AAFBLAQIUABQACAgIALKDRkotBsT71AMAAEANAAAHAAAAAAAAAAAAAAAAAAAAAAB1c2VyLmpzUEsFBgAAAAABAAEANQAAAAkEAAAAAA==}, appBuildId=20160421124000, version=, platform=XP, proxy={}, specificationLevel=1, acceptSslCerts=false, browserVersion=46.0, platformVersion=6.1, XULappId={ec8030f7-c20a-464f-9b0e-13a3a9e97384}, browserName=Firefox, takesScreenshot=true, takesElementScreenshot=true, platformName=Windows_NT, device=desktop, firefox_profile=UEsDBBQACAgIALKDRkoAAAAAAAAAA...}]
Session ID: 62287fa7-4fc0-4ee7-92a9-39a368aa5cff)
]]></system-err>
  </testcase>
  <testcase name="verifyLoginWorkFlow[4]" classname="com.absolute.customercenter.login.LoginTest" time="39.213"/>
</testsuite>